# JRE version: OpenJDK Runtime Environment (8.0_242-b01) (build 1.8.0_242-release-1644-b01)
# Java VM: OpenJDK 64-Bit Server VM (25.242-b01 mixed mode windows-amd64 compressed oops)
Heap:
 PSYoungGen      total 650752K, used 552649K [0x00000000d5580000, 0x00000000ffd00000, 0x0000000100000000)
  eden space 608768K, 88% used [0x00000000d5580000,0x00000000f6540e30,0x00000000fa800000)
  from space 41984K, 29% used [0x00000000fd400000,0x00000000fdff17a0,0x00000000ffd00000)
  to   space 43520K, 0% used [0x00000000fa800000,0x00000000fa800000,0x00000000fd280000)
 ParOldGen       total 357888K, used 195652K [0x0000000080000000, 0x0000000095d80000, 0x00000000d5580000)
  object space 357888K, 54% used [0x0000000080000000,0x000000008bf11128,0x0000000095d80000)
 Metaspace       used 106422K, capacity 111354K, committed 112512K, reserved 1146880K
  class space    used 13293K, capacity 14448K, committed 14720K, reserved 1048576K
GC Heap History (10 events):
Event: 215.237 GC heap before
{Heap before GC invocations=48 (full 5):
 PSYoungGen      total 648192K, used 623990K [0x00000000d5580000, 0x00000000ffa80000, 0x0000000100000000)
  eden space 602624K, 100% used [0x00000000d5580000,0x00000000fa200000,0x00000000fa200000)
  from space 45568K, 46% used [0x00000000fce00000,0x00000000fe2dd878,0x00000000ffa80000)
  to   space 45056K, 0% used [0x00000000fa200000,0x00000000fa200000,0x00000000fce00000)
 ParOldGen       total 334336K, used 303960K [0x0000000080000000, 0x0000000094680000, 0x00000000d5580000)
  object space 334336K, 90% used [0x0000000080000000,0x00000000928d6350,0x0000000094680000)
 Metaspace       used 106137K, capacity 111094K, committed 112256K, reserved 1146880K
  class space    used 13266K, capacity 14434K, committed 14720K, reserved 1048576K
Event: 215.249 GC heap after
Heap after GC invocations=48 (full 5):
 PSYoungGen      total 647680K, used 12115K [0x00000000d5580000, 0x00000000ffd80000, 0x0000000100000000)
  eden space 602624K, 0% used [0x00000000d5580000,0x00000000d5580000,0x00000000fa200000)
  from space 45056K, 26% used [0x00000000fa200000,0x00000000fadd4e78,0x00000000fce00000)
  to   space 44032K, 0% used [0x00000000fd280000,0x00000000fd280000,0x00000000ffd80000)
 ParOldGen       total 334336K, used 314038K [0x0000000080000000, 0x0000000094680000, 0x00000000d5580000)
  object space 334336K, 93% used [0x0000000080000000,0x00000000932ad978,0x0000000094680000)
 Metaspace       used 106137K, capacity 111094K, committed 112256K, reserved 1146880K
  class space    used 13266K, capacity 14434K, committed 14720K, reserved 1048576K
}
Event: 216.663 GC heap before
{Heap before GC invocations=49 (full 5):
 PSYoungGen      total 647680K, used 614739K [0x00000000d5580000, 0x00000000ffd80000, 0x0000000100000000)
  eden space 602624K, 100% used [0x00000000d5580000,0x00000000fa200000,0x00000000fa200000)
  from space 45056K, 26% used [0x00000000fa200000,0x00000000fadd4e78,0x00000000fce00000)
  to   space 44032K, 0% used [0x00000000fd280000,0x00000000fd280000,0x00000000ffd80000)
 ParOldGen       total 334336K, used 314038K [0x0000000080000000, 0x0000000094680000, 0x00000000d5580000)
  object space 334336K, 93% used [0x0000000080000000,0x00000000932ad978,0x0000000094680000)
 Metaspace       used 106355K, capacity 111374K, committed 112512K, reserved 1146880K
  class space    used 13303K, capacity 14466K, committed 14720K, reserved 1048576K
Event: 216.688 GC heap after
Heap after GC invocations=49 (full 5):
 PSYoungGen      total 650752K, used 30138K [0x00000000d5580000, 0x0000000100000000, 0x0000000100000000)
  eden space 606720K, 0% used [0x00000000d5580000,0x00000000d5580000,0x00000000fa600000)
  from space 44032K, 68% used [0x00000000fd280000,0x00000000fefeeba8,0x00000000ffd80000)
  to   space 45568K, 0% used [0x00000000fa600000,0x00000000fa600000,0x00000000fd280000)
 ParOldGen       total 334336K, used 318316K [0x0000000080000000, 0x0000000094680000, 0x00000000d5580000)
  object space 334336K, 95% used [0x0000000080000000,0x00000000936db008,0x0000000094680000)
 Metaspace       used 106355K, capacity 111374K, committed 112512K, reserved 1146880K
  class space    used 13303K, capacity 14466K, committed 14720K, reserved 1048576K
}
Event: 216.688 GC heap before
{Heap before GC invocations=50 (full 6):
 PSYoungGen      total 650752K, used 30138K [0x00000000d5580000, 0x0000000100000000, 0x0000000100000000)
  eden space 606720K, 0% used [0x00000000d5580000,0x00000000d5580000,0x00000000fa600000)
  from space 44032K, 68% used [0x00000000fd280000,0x00000000fefeeba8,0x00000000ffd80000)
  to   space 45568K, 0% used [0x00000000fa600000,0x00000000fa600000,0x00000000fd280000)
 ParOldGen       total 334336K, used 318316K [0x0000000080000000, 0x0000000094680000, 0x00000000d5580000)
  object space 334336K, 95% used [0x0000000080000000,0x00000000936db008,0x0000000094680000)
 Metaspace       used 106355K, capacity 111374K, committed 112512K, reserved 1146880K
  class space    used 13303K, capacity 14466K, committed 14720K, reserved 1048576K
Event: 216.957 GC heap after
Heap after GC invocations=50 (full 6):
 PSYoungGen      total 650752K, used 0K [0x00000000d5580000, 0x0000000100000000, 0x0000000100000000)
  eden space 606720K, 0% used [0x00000000d5580000,0x00000000d5580000,0x00000000fa600000)
  from space 44032K, 0% used [0x00000000fd280000,0x00000000fd280000,0x00000000ffd80000)
  to   space 45568K, 0% used [0x00000000fa600000,0x00000000fa600000,0x00000000fd280000)
 ParOldGen       total 357888K, used 177614K [0x0000000080000000, 0x0000000095d80000, 0x00000000d5580000)
  object space 357888K, 49% used [0x0000000080000000,0x000000008ad73b78,0x0000000095d80000)
 Metaspace       used 106325K, capacity 111290K, committed 112512K, reserved 1146880K
  class space    used 13292K, capacity 14448K, committed 14720K, reserved 1048576K
}
Event: 217.571 GC heap before
{Heap before GC invocations=51 (full 6):
 PSYoungGen      total 650752K, used 606720K [0x00000000d5580000, 0x0000000100000000, 0x0000000100000000)
  eden space 606720K, 100% used [0x00000000d5580000,0x00000000fa600000,0x00000000fa600000)
  from space 44032K, 0% used [0x00000000fd280000,0x00000000fd280000,0x00000000ffd80000)
  to   space 45568K, 0% used [0x00000000fa600000,0x00000000fa600000,0x00000000fd280000)
 ParOldGen       total 357888K, used 177614K [0x0000000080000000, 0x0000000095d80000, 0x00000000d5580000)
  object space 357888K, 49% used [0x0000000080000000,0x000000008ad73b78,0x0000000095d80000)
 Metaspace       used 106327K, capacity 111290K, committed 112512K, reserved 1146880K
  class space    used 13292K, capacity 14448K, committed 14720K, reserved 1048576K
Event: 217.593 GC heap after
Heap after GC invocations=51 (full 6):
 PSYoungGen      total 652288K, used 24154K [0x00000000d5580000, 0x00000000fff80000, 0x0000000100000000)
  eden space 606720K, 0% used [0x00000000d5580000,0x00000000d5580000,0x00000000fa600000)
  from space 45568K, 53% used [0x00000000fa600000,0x00000000fbd96820,0x00000000fd280000)
  to   space 44544K, 0% used [0x00000000fd400000,0x00000000fd400000,0x00000000fff80000)
 ParOldGen       total 357888K, used 177614K [0x0000000080000000, 0x0000000095d80000, 0x00000000d5580000)
  object space 357888K, 49% used [0x0000000080000000,0x000000008ad73b78,0x0000000095d80000)
 Metaspace       used 106327K, capacity 111290K, committed 112512K, reserved 1146880K
  class space    used 13292K, capacity 14448K, committed 14720K, reserved 1048576K
}
Event: 218.120 GC heap before
{Heap before GC invocations=52 (full 6):
 PSYoungGen      total 652288K, used 630874K [0x00000000d5580000, 0x00000000fff80000, 0x0000000100000000)
  eden space 606720K, 100% used [0x00000000d5580000,0x00000000fa600000,0x00000000fa600000)
  from space 45568K, 53% used [0x00000000fa600000,0x00000000fbd96820,0x00000000fd280000)
  to   space 44544K, 0% used [0x00000000fd400000,0x00000000fd400000,0x00000000fff80000)
 ParOldGen       total 357888K, used 177614K [0x0000000080000000, 0x0000000095d80000, 0x00000000d5580000)
  object space 357888K, 49% used [0x0000000080000000,0x000000008ad73b78,0x0000000095d80000)
 Metaspace       used 106328K, capacity 111290K, committed 112512K, reserved 1146880K
  class space    used 13292K, capacity 14448K, committed 14720K, reserved 1048576K
Event: 218.141 GC heap after
Heap after GC invocations=52 (full 6):
 PSYoungGen      total 650752K, used 12229K [0x00000000d5580000, 0x00000000ffd00000, 0x0000000100000000)
  eden space 608768K, 0% used [0x00000000d5580000,0x00000000d5580000,0x00000000fa800000)
  from space 41984K, 29% used [0x00000000fd400000,0x00000000fdff17a0,0x00000000ffd00000)
  to   space 43520K, 0% used [0x00000000fa800000,0x00000000fa800000,0x00000000fd280000)
 ParOldGen       total 357888K, used 195652K [0x0000000080000000, 0x0000000095d80000, 0x00000000d5580000)
  object space 357888K, 54% used [0x0000000080000000,0x000000008bf11128,0x0000000095d80000)
 Metaspace       used 106328K, capacity 111290K, committed 112512K, reserved 1146880K
  class space    used 13292K, capacity 14448K, committed 14720K, reserved 1048576K
}

