# JRE version: OpenJDK Runtime Environment (8.0_152-b03) (build 1.8.0_152-release-1136-b03)
# Java VM: OpenJDK 64-Bit Server VM (25.152-b03 mixed mode windows-amd64 compressed oops)
Heap:
 PSYoungGen      total 794112K, used 542484K [0x000000076ab00000, 0x00000007a4f80000, 0x00000007c0000000)
  eden space 664576K, 65% used [0x000000076ab00000,0x00000007853bcff8,0x0000000793400000)
  from space 129536K, 83% used [0x000000079c080000,0x00000007a2988038,0x00000007a3f00000)
  to   space 143872K, 0% used [0x0000000793400000,0x0000000793400000,0x000000079c080000)
 ParOldGen       total 508416K, used 507984K [0x00000006c0000000, 0x00000006df080000, 0x000000076ab00000)
  object space 508416K, 99% used [0x00000006c0000000,0x00000006df0141b8,0x00000006df080000)
 Metaspace       used 6776K, capacity 7384K, committed 7680K, reserved 1056768K
  class space    used 617K, capacity 656K, committed 768K, reserved 1048576K
GC Heap History (10 events):
Event: 25.583 GC heap before
{Heap before GC invocations=14 (full 3):
 PSYoungGen      total 718848K, used 70016K [0x000000076ab00000, 0x00000007a3f00000, 0x00000007c0000000)
  eden space 590336K, 0% used [0x000000076ab00000,0x000000076ab00000,0x000000078eb80000)
  from space 128512K, 54% used [0x000000078eb80000,0x0000000792fe0080,0x0000000796900000)
  to   space 129536K, 0% used [0x000000079c080000,0x000000079c080000,0x00000007a3f00000)
 ParOldGen       total 305152K, used 257938K [0x00000006c0000000, 0x00000006d2a00000, 0x000000076ab00000)
  object space 305152K, 84% used [0x00000006c0000000,0x00000006cfbe4a70,0x00000006d2a00000)
 Metaspace       used 6692K, capacity 7320K, committed 7680K, reserved 1056768K
  class space    used 612K, capacity 656K, committed 768K, reserved 1048576K
Event: 27.276 GC heap after
Heap after GC invocations=14 (full 3):
 PSYoungGen      total 718848K, used 15960K [0x000000076ab00000, 0x00000007a3f00000, 0x00000007c0000000)
  eden space 590336K, 0% used [0x000000076ab00000,0x000000076ab00000,0x000000078eb80000)
  from space 128512K, 12% used [0x000000078eb80000,0x000000078fb16250,0x0000000796900000)
  to   space 129536K, 0% used [0x000000079c080000,0x000000079c080000,0x00000007a3f00000)
 ParOldGen       total 508416K, used 304746K [0x00000006c0000000, 0x00000006df080000, 0x000000076ab00000)
  object space 508416K, 59% used [0x00000006c0000000,0x00000006d299aa78,0x00000006df080000)
 Metaspace       used 6692K, capacity 7320K, committed 7680K, reserved 1056768K
  class space    used 612K, capacity 656K, committed 768K, reserved 1048576K
}
Event: 31.241 GC heap before
{Heap before GC invocations=15 (full 3):
 PSYoungGen      total 718848K, used 606296K [0x000000076ab00000, 0x00000007a3f00000, 0x00000007c0000000)
  eden space 590336K, 100% used [0x000000076ab00000,0x000000078eb80000,0x000000078eb80000)
  from space 128512K, 12% used [0x000000078eb80000,0x000000078fb16250,0x0000000796900000)
  to   space 129536K, 0% used [0x000000079c080000,0x000000079c080000,0x00000007a3f00000)
 ParOldGen       total 508416K, used 304746K [0x00000006c0000000, 0x00000006df080000, 0x000000076ab00000)
  object space 508416K, 59% used [0x00000006c0000000,0x00000006d299aa78,0x00000006df080000)
 Metaspace       used 6692K, capacity 7320K, committed 7680K, reserved 1056768K
  class space    used 612K, capacity 656K, committed 768K, reserved 1048576K
Event: 31.445 GC heap after
Heap after GC invocations=15 (full 3):
 PSYoungGen      total 794112K, used 106923K [0x000000076ab00000, 0x00000007a4f80000, 0x00000007c0000000)
  eden space 664576K, 0% used [0x000000076ab00000,0x000000076ab00000,0x0000000793400000)
  from space 129536K, 82% used [0x000000079c080000,0x00000007a28eadc8,0x00000007a3f00000)
  to   space 143872K, 0% used [0x0000000793400000,0x0000000793400000,0x000000079c080000)
 ParOldGen       total 508416K, used 304746K [0x00000006c0000000, 0x00000006df080000, 0x000000076ab00000)
  object space 508416K, 59% used [0x00000006c0000000,0x00000006d299aa78,0x00000006df080000)
 Metaspace       used 6692K, capacity 7320K, committed 7680K, reserved 1056768K
  class space    used 612K, capacity 656K, committed 768K, reserved 1048576K
}
Event: 34.038 GC heap before
{Heap before GC invocations=16 (full 3):
 PSYoungGen      total 794112K, used 771499K [0x000000076ab00000, 0x00000007a4f80000, 0x00000007c0000000)
  eden space 664576K, 100% used [0x000000076ab00000,0x0000000793400000,0x0000000793400000)
  from space 129536K, 82% used [0x000000079c080000,0x00000007a28eadc8,0x00000007a3f00000)
  to   space 143872K, 0% used [0x0000000793400000,0x0000000793400000,0x000000079c080000)
 ParOldGen       total 508416K, used 304746K [0x00000006c0000000, 0x00000006df080000, 0x000000076ab00000)
  object space 508416K, 59% used [0x00000006c0000000,0x00000006d299aa78,0x00000006df080000)
 Metaspace       used 6692K, capacity 7320K, committed 7680K, reserved 1056768K
  class space    used 612K, capacity 656K, committed 768K, reserved 1048576K
Event: 34.301 GC heap after
Heap after GC invocations=16 (full 3):
 PSYoungGen      total 808448K, used 143857K [0x000000076ab00000, 0x00000007a4f80000, 0x00000007c0000000)
  eden space 664576K, 0% used [0x000000076ab00000,0x000000076ab00000,0x0000000793400000)
  from space 143872K, 99% used [0x0000000793400000,0x000000079c07c4f8,0x000000079c080000)
  to   space 129536K, 0% used [0x000000079c080000,0x000000079c080000,0x00000007a3f00000)
 ParOldGen       total 508416K, used 371664K [0x00000006c0000000, 0x00000006df080000, 0x000000076ab00000)
  object space 508416K, 73% used [0x00000006c0000000,0x00000006d6af43e0,0x00000006df080000)
 Metaspace       used 6692K, capacity 7320K, committed 7680K, reserved 1056768K
  class space    used 612K, capacity 656K, committed 768K, reserved 1048576K
}
Event: 35.970 GC heap before
{Heap before GC invocations=17 (full 3):
 PSYoungGen      total 808448K, used 808433K [0x000000076ab00000, 0x00000007a4f80000, 0x00000007c0000000)
  eden space 664576K, 100% used [0x000000076ab00000,0x0000000793400000,0x0000000793400000)
  from space 143872K, 99% used [0x0000000793400000,0x000000079c07c4f8,0x000000079c080000)
  to   space 129536K, 0% used [0x000000079c080000,0x000000079c080000,0x00000007a3f00000)
 ParOldGen       total 508416K, used 371664K [0x00000006c0000000, 0x00000006df080000, 0x000000076ab00000)
  object space 508416K, 73% used [0x00000006c0000000,0x00000006d6af43e0,0x00000006df080000)
 Metaspace       used 6695K, capacity 7320K, committed 7680K, reserved 1056768K
  class space    used 612K, capacity 656K, committed 768K, reserved 1048576K
Event: 36.251 GC heap after
Heap after GC invocations=17 (full 3):
 PSYoungGen      total 794112K, used 129533K [0x000000076ab00000, 0x00000007a4f80000, 0x00000007c0000000)
  eden space 664576K, 0% used [0x000000076ab00000,0x000000076ab00000,0x0000000793400000)
  from space 129536K, 99% used [0x000000079c080000,0x00000007a3eff438,0x00000007a3f00000)
  to   space 143872K, 0% used [0x0000000793400000,0x0000000793400000,0x000000079c080000)
 ParOldGen       total 508416K, used 494714K [0x00000006c0000000, 0x00000006df080000, 0x000000076ab00000)
  object space 508416K, 97% used [0x00000006c0000000,0x00000006de31e888,0x00000006df080000)
 Metaspace       used 6695K, capacity 7320K, committed 7680K, reserved 1056768K
  class space    used 612K, capacity 656K, committed 768K, reserved 1048576K
}
Event: 36.251 GC heap before
{Heap before GC invocations=18 (full 4):
 PSYoungGen      total 794112K, used 129533K [0x000000076ab00000, 0x00000007a4f80000, 0x00000007c0000000)
  eden space 664576K, 0% used [0x000000076ab00000,0x000000076ab00000,0x0000000793400000)
  from space 129536K, 99% used [0x000000079c080000,0x00000007a3eff438,0x00000007a3f00000)
  to   space 143872K, 0% used [0x0000000793400000,0x0000000793400000,0x000000079c080000)
 ParOldGen       total 508416K, used 494714K [0x00000006c0000000, 0x00000006df080000, 0x000000076ab00000)
  object space 508416K, 97% used [0x00000006c0000000,0x00000006de31e888,0x00000006df080000)
 Metaspace       used 6695K, capacity 7320K, committed 7680K, reserved 1056768K
  class space    used 612K, capacity 656K, committed 768K, reserved 1048576K
Event: 39.330 GC heap after
Heap after GC invocations=18 (full 4):
 PSYoungGen      total 794112K, used 107552K [0x000000076ab00000, 0x00000007a4f80000, 0x00000007c0000000)
  eden space 664576K, 0% used [0x000000076ab00000,0x000000076ab00000,0x0000000793400000)
  from space 129536K, 83% used [0x000000079c080000,0x00000007a2988038,0x00000007a3f00000)
  to   space 143872K, 0% used [0x0000000793400000,0x0000000793400000,0x000000079c080000)
 ParOldGen       total 508416K, used 507984K [0x00000006c0000000, 0x00000006df080000, 0x000000076ab00000)
  object space 508416K, 99% used [0x00000006c0000000,0x00000006df0141b8,0x00000006df080000)
 Metaspace       used 6695K, capacity 7320K, committed 7680K, reserved 1056768K
  class space    used 612K, capacity 656K, committed 768K, reserved 1048576K
}

