# JRE version: OpenJDK Runtime Environment (8.0_152-b03) (build 1.8.0_152-release-1136-b03)
# Java VM: OpenJDK 64-Bit Server VM (25.152-b03 mixed mode windows-amd64 compressed oops)
Heap:
 PSYoungGen      total 270848K, used 242754K [0x000000076ab00000, 0x000000077e100000, 0x00000007c0000000)
  eden space 248832K, 97% used [0x000000076ab00000,0x0000000779794dc8,0x0000000779e00000)
  from space 22016K, 2% used [0x000000077bb80000,0x000000077bbfbb70,0x000000077d100000)
  to   space 30208K, 0% used [0x0000000779e00000,0x0000000779e00000,0x000000077bb80000)
 ParOldGen       total 193536K, used 193056K [0x00000006c0000000, 0x00000006cbd00000, 0x000000076ab00000)
  object space 193536K, 99% used [0x00000006c0000000,0x00000006cbc88128,0x00000006cbd00000)
 Metaspace       used 6671K, capacity 7320K, committed 7680K, reserved 1056768K
  class space    used 612K, capacity 656K, committed 768K, reserved 1048576K
GC Heap History (10 events):
Event: 10.391 GC heap before
{Heap before GC invocations=10 (full 0):
 PSYoungGen      total 279040K, used 279025K [0x000000076ab00000, 0x000000077e100000, 0x00000007c0000000)
  eden space 248832K, 100% used [0x000000076ab00000,0x0000000779e00000,0x0000000779e00000)
  from space 30208K, 99% used [0x0000000779e00000,0x000000077bb7c5a8,0x000000077bb80000)
  to   space 22016K, 0% used [0x000000077bb80000,0x000000077bb80000,0x000000077d100000)
 ParOldGen       total 87552K, used 60147K [0x00000006c0000000, 0x00000006c5580000, 0x000000076ab00000)
  object space 87552K, 68% used [0x00000006c0000000,0x00000006c3abcfb8,0x00000006c5580000)
 Metaspace       used 6641K, capacity 7320K, committed 7680K, reserved 1056768K
  class space    used 611K, capacity 656K, committed 768K, reserved 1048576K
Event: 10.507 GC heap after
Heap after GC invocations=10 (full 0):
 PSYoungGen      total 270848K, used 21991K [0x000000076ab00000, 0x000000077e100000, 0x00000007c0000000)
  eden space 248832K, 0% used [0x000000076ab00000,0x000000076ab00000,0x0000000779e00000)
  from space 22016K, 99% used [0x000000077bb80000,0x000000077d0f9ea0,0x000000077d100000)
  to   space 30208K, 0% used [0x0000000779e00000,0x0000000779e00000,0x000000077bb80000)
 ParOldGen       total 107008K, used 106622K [0x00000006c0000000, 0x00000006c6880000, 0x000000076ab00000)
  object space 107008K, 99% used [0x00000006c0000000,0x00000006c681fac8,0x00000006c6880000)
 Metaspace       used 6641K, capacity 7320K, committed 7680K, reserved 1056768K
  class space    used 611K, capacity 656K, committed 768K, reserved 1048576K
}
Event: 10.507 GC heap before
{Heap before GC invocations=11 (full 1):
 PSYoungGen      total 270848K, used 21991K [0x000000076ab00000, 0x000000077e100000, 0x00000007c0000000)
  eden space 248832K, 0% used [0x000000076ab00000,0x000000076ab00000,0x0000000779e00000)
  from space 22016K, 99% used [0x000000077bb80000,0x000000077d0f9ea0,0x000000077d100000)
  to   space 30208K, 0% used [0x0000000779e00000,0x0000000779e00000,0x000000077bb80000)
 ParOldGen       total 107008K, used 106622K [0x00000006c0000000, 0x00000006c6880000, 0x000000076ab00000)
  object space 107008K, 99% used [0x00000006c0000000,0x00000006c681fac8,0x00000006c6880000)
 Metaspace       used 6641K, capacity 7320K, committed 7680K, reserved 1056768K
  class space    used 611K, capacity 656K, committed 768K, reserved 1048576K
Event: 11.630 GC heap after
Heap after GC invocations=11 (full 1):
 PSYoungGen      total 270848K, used 16187K [0x000000076ab00000, 0x000000077e100000, 0x00000007c0000000)
  eden space 248832K, 0% used [0x000000076ab00000,0x000000076ab00000,0x0000000779e00000)
  from space 22016K, 73% used [0x000000077bb80000,0x000000077cb4ede8,0x000000077d100000)
  to   space 30208K, 0% used [0x0000000779e00000,0x0000000779e00000,0x000000077bb80000)
 ParOldGen       total 193536K, used 106815K [0x00000006c0000000, 0x00000006cbd00000, 0x000000076ab00000)
  object space 193536K, 55% used [0x00000006c0000000,0x00000006c684ff28,0x00000006cbd00000)
 Metaspace       used 6641K, capacity 7320K, committed 7680K, reserved 1056768K
  class space    used 611K, capacity 656K, committed 768K, reserved 1048576K
}
Event: 13.525 GC heap before
{Heap before GC invocations=12 (full 1):
 PSYoungGen      total 270848K, used 265019K [0x000000076ab00000, 0x000000077e100000, 0x00000007c0000000)
  eden space 248832K, 100% used [0x000000076ab00000,0x0000000779e00000,0x0000000779e00000)
  from space 22016K, 73% used [0x000000077bb80000,0x000000077cb4ede8,0x000000077d100000)
  to   space 30208K, 0% used [0x0000000779e00000,0x0000000779e00000,0x000000077bb80000)
 ParOldGen       total 193536K, used 106815K [0x00000006c0000000, 0x00000006cbd00000, 0x000000076ab00000)
  object space 193536K, 55% used [0x00000006c0000000,0x00000006c684ff28,0x00000006cbd00000)
 Metaspace       used 6667K, capacity 7320K, committed 7680K, reserved 1056768K
  class space    used 611K, capacity 656K, committed 768K, reserved 1048576K
Event: 13.655 GC heap after
Heap after GC invocations=12 (full 1):
 PSYoungGen      total 279040K, used 30182K [0x000000076ab00000, 0x000000077e100000, 0x00000007c0000000)
  eden space 248832K, 0% used [0x000000076ab00000,0x000000076ab00000,0x0000000779e00000)
  from space 30208K, 99% used [0x0000000779e00000,0x000000077bb79800,0x000000077bb80000)
  to   space 22016K, 0% used [0x000000077bb80000,0x000000077bb80000,0x000000077d100000)
 ParOldGen       total 193536K, used 128842K [0x00000006c0000000, 0x00000006cbd00000, 0x000000076ab00000)
  object space 193536K, 66% used [0x00000006c0000000,0x00000006c7dd2878,0x00000006cbd00000)
 Metaspace       used 6667K, capacity 7320K, committed 7680K, reserved 1056768K
  class space    used 611K, capacity 656K, committed 768K, reserved 1048576K
}
Event: 15.486 GC heap before
{Heap before GC invocations=13 (full 1):
 PSYoungGen      total 279040K, used 279014K [0x000000076ab00000, 0x000000077e100000, 0x00000007c0000000)
  eden space 248832K, 100% used [0x000000076ab00000,0x0000000779e00000,0x0000000779e00000)
  from space 30208K, 99% used [0x0000000779e00000,0x000000077bb79800,0x000000077bb80000)
  to   space 22016K, 0% used [0x000000077bb80000,0x000000077bb80000,0x000000077d100000)
 ParOldGen       total 193536K, used 128842K [0x00000006c0000000, 0x00000006cbd00000, 0x000000076ab00000)
  object space 193536K, 66% used [0x00000006c0000000,0x00000006c7dd2878,0x00000006cbd00000)
 Metaspace       used 6667K, capacity 7320K, committed 7680K, reserved 1056768K
  class space    used 611K, capacity 656K, committed 768K, reserved 1048576K
Event: 15.605 GC heap after
Heap after GC invocations=13 (full 1):
 PSYoungGen      total 270848K, used 21999K [0x000000076ab00000, 0x000000077e100000, 0x00000007c0000000)
  eden space 248832K, 0% used [0x000000076ab00000,0x000000076ab00000,0x0000000779e00000)
  from space 22016K, 99% used [0x000000077bb80000,0x000000077d0fbdc8,0x000000077d100000)
  to   space 30208K, 0% used [0x0000000779e00000,0x0000000779e00000,0x000000077bb80000)
 ParOldGen       total 193536K, used 174558K [0x00000006c0000000, 0x00000006cbd00000, 0x000000076ab00000)
  object space 193536K, 90% used [0x00000006c0000000,0x00000006caa77870,0x00000006cbd00000)
 Metaspace       used 6667K, capacity 7320K, committed 7680K, reserved 1056768K
  class space    used 611K, capacity 656K, committed 768K, reserved 1048576K
}
Event: 15.605 GC heap before
{Heap before GC invocations=14 (full 2):
 PSYoungGen      total 270848K, used 21999K [0x000000076ab00000, 0x000000077e100000, 0x00000007c0000000)
  eden space 248832K, 0% used [0x000000076ab00000,0x000000076ab00000,0x0000000779e00000)
  from space 22016K, 99% used [0x000000077bb80000,0x000000077d0fbdc8,0x000000077d100000)
  to   space 30208K, 0% used [0x0000000779e00000,0x0000000779e00000,0x000000077bb80000)
 ParOldGen       total 193536K, used 174558K [0x00000006c0000000, 0x00000006cbd00000, 0x000000076ab00000)
  object space 193536K, 90% used [0x00000006c0000000,0x00000006caa77870,0x00000006cbd00000)
 Metaspace       used 6667K, capacity 7320K, committed 7680K, reserved 1056768K
  class space    used 611K, capacity 656K, committed 768K, reserved 1048576K
Event: 16.667 GC heap after
Heap after GC invocations=14 (full 2):
 PSYoungGen      total 270848K, used 494K [0x000000076ab00000, 0x000000077e100000, 0x00000007c0000000)
  eden space 248832K, 0% used [0x000000076ab00000,0x000000076ab00000,0x0000000779e00000)
  from space 22016K, 2% used [0x000000077bb80000,0x000000077bbfbb70,0x000000077d100000)
  to   space 30208K, 0% used [0x0000000779e00000,0x0000000779e00000,0x000000077bb80000)
 ParOldGen       total 193536K, used 193056K [0x00000006c0000000, 0x00000006cbd00000, 0x000000076ab00000)
  object space 193536K, 99% used [0x00000006c0000000,0x00000006cbc88128,0x00000006cbd00000)
 Metaspace       used 6667K, capacity 7320K, committed 7680K, reserved 1056768K
  class space    used 611K, capacity 656K, committed 768K, reserved 1048576K
}

