# JRE version: OpenJDK Runtime Environment (8.0_152-b03) (build 1.8.0_152-release-1136-b03)
# Java VM: OpenJDK 64-Bit Server VM (25.152-b03 mixed mode windows-amd64 compressed oops)
Heap:
 PSYoungGen      total 567296K, used 375805K [0x000000076ab00000, 0x000000079f680000, 0x00000007c0000000)
  eden space 499200K, 68% used [0x000000076ab00000,0x000000077f91bcb8,0x0000000789280000)
  from space 68096K, 49% used [0x0000000789280000,0x000000078b3637c8,0x000000078d500000)
  to   space 98816K, 0% used [0x0000000799600000,0x0000000799600000,0x000000079f680000)
 ParOldGen       total 277504K, used 162160K [0x00000006c0000000, 0x00000006d0f00000, 0x000000076ab00000)
  object space 277504K, 58% used [0x00000006c0000000,0x00000006c9e5c198,0x00000006d0f00000)
 Metaspace       used 6667K, capacity 7320K, committed 7680K, reserved 1056768K
  class space    used 612K, capacity 656K, committed 768K, reserved 1048576K
GC Heap History (10 events):
Event: 15.757 GC heap before
{Heap before GC invocations=7 (full 0):
 PSYoungGen      total 279552K, used 279536K [0x000000076ab00000, 0x000000077e700000, 0x00000007c0000000)
  eden space 258560K, 100% used [0x000000076ab00000,0x000000077a780000,0x000000077a780000)
  from space 20992K, 99% used [0x000000077c380000,0x000000077d7fc290,0x000000077d800000)
  to   space 28672K, 0% used [0x000000077a780000,0x000000077a780000,0x000000077c380000)
 ParOldGen       total 87552K, used 28687K [0x00000006c0000000, 0x00000006c5580000, 0x000000076ab00000)
  object space 87552K, 32% used [0x00000006c0000000,0x00000006c1c03fc8,0x00000006c5580000)
 Metaspace       used 6626K, capacity 7256K, committed 7424K, reserved 1056768K
  class space    used 612K, capacity 656K, committed 768K, reserved 1048576K
Event: 15.829 GC heap after
Heap after GC invocations=7 (full 0):
 PSYoungGen      total 287232K, used 28669K [0x000000076ab00000, 0x0000000790600000, 0x00000007c0000000)
  eden space 258560K, 0% used [0x000000076ab00000,0x000000076ab00000,0x000000077a780000)
  from space 28672K, 99% used [0x000000077a780000,0x000000077c37f438,0x000000077c380000)
  to   space 50176K, 0% used [0x000000078d500000,0x000000078d500000,0x0000000790600000)
 ParOldGen       total 87552K, used 59066K [0x00000006c0000000, 0x00000006c5580000, 0x000000076ab00000)
  object space 87552K, 67% used [0x00000006c0000000,0x00000006c39ae978,0x00000006c5580000)
 Metaspace       used 6626K, capacity 7256K, committed 7424K, reserved 1056768K
  class space    used 612K, capacity 656K, committed 768K, reserved 1048576K
}
Event: 21.550 GC heap before
{Heap before GC invocations=8 (full 0):
 PSYoungGen      total 287232K, used 287229K [0x000000076ab00000, 0x0000000790600000, 0x00000007c0000000)
  eden space 258560K, 100% used [0x000000076ab00000,0x000000077a780000,0x000000077a780000)
  from space 28672K, 99% used [0x000000077a780000,0x000000077c37f438,0x000000077c380000)
  to   space 50176K, 0% used [0x000000078d500000,0x000000078d500000,0x0000000790600000)
 ParOldGen       total 87552K, used 59066K [0x00000006c0000000, 0x00000006c5580000, 0x000000076ab00000)
  object space 87552K, 67% used [0x00000006c0000000,0x00000006c39ae978,0x00000006c5580000)
 Metaspace       used 6636K, capacity 7256K, committed 7424K, reserved 1056768K
  class space    used 612K, capacity 656K, committed 768K, reserved 1048576K
Event: 21.701 GC heap after
Heap after GC invocations=8 (full 0):
 PSYoungGen      total 549376K, used 50160K [0x000000076ab00000, 0x0000000792900000, 0x00000007c0000000)
  eden space 499200K, 0% used [0x000000076ab00000,0x000000076ab00000,0x0000000789280000)
  from space 50176K, 99% used [0x000000078d500000,0x00000007905fc278,0x0000000790600000)
  to   space 68096K, 0% used [0x0000000789280000,0x0000000789280000,0x000000078d500000)
 ParOldGen       total 87552K, used 77751K [0x00000006c0000000, 0x00000006c5580000, 0x000000076ab00000)
  object space 87552K, 88% used [0x00000006c0000000,0x00000006c4bedf58,0x00000006c5580000)
 Metaspace       used 6636K, capacity 7256K, committed 7424K, reserved 1056768K
  class space    used 612K, capacity 656K, committed 768K, reserved 1048576K
}
Event: 21.701 GC heap before
{Heap before GC invocations=9 (full 1):
 PSYoungGen      total 549376K, used 50160K [0x000000076ab00000, 0x0000000792900000, 0x00000007c0000000)
  eden space 499200K, 0% used [0x000000076ab00000,0x000000076ab00000,0x0000000789280000)
  from space 50176K, 99% used [0x000000078d500000,0x00000007905fc278,0x0000000790600000)
  to   space 68096K, 0% used [0x0000000789280000,0x0000000789280000,0x000000078d500000)
 ParOldGen       total 87552K, used 77751K [0x00000006c0000000, 0x00000006c5580000, 0x000000076ab00000)
  object space 87552K, 88% used [0x00000006c0000000,0x00000006c4bedf58,0x00000006c5580000)
 Metaspace       used 6636K, capacity 7256K, committed 7424K, reserved 1056768K
  class space    used 612K, capacity 656K, committed 768K, reserved 1048576K
Event: 22.955 GC heap after
Heap after GC invocations=9 (full 1):
 PSYoungGen      total 549376K, used 35664K [0x000000076ab00000, 0x0000000792900000, 0x00000007c0000000)
  eden space 499200K, 0% used [0x000000076ab00000,0x000000076ab00000,0x0000000789280000)
  from space 50176K, 71% used [0x000000078d500000,0x000000078f7d43c0,0x0000000790600000)
  to   space 68096K, 0% used [0x0000000789280000,0x0000000789280000,0x000000078d500000)
 ParOldGen       total 162304K, used 87367K [0x00000006c0000000, 0x00000006c9e80000, 0x000000076ab00000)
  object space 162304K, 53% used [0x00000006c0000000,0x00000006c5551f90,0x00000006c9e80000)
 Metaspace       used 6636K, capacity 7256K, committed 7424K, reserved 1056768K
  class space    used 612K, capacity 656K, committed 768K, reserved 1048576K
}
Event: 27.189 GC heap before
{Heap before GC invocations=10 (full 1):
 PSYoungGen      total 549376K, used 534864K [0x000000076ab00000, 0x0000000792900000, 0x00000007c0000000)
  eden space 499200K, 100% used [0x000000076ab00000,0x0000000789280000,0x0000000789280000)
  from space 50176K, 71% used [0x000000078d500000,0x000000078f7d43c0,0x0000000790600000)
  to   space 68096K, 0% used [0x0000000789280000,0x0000000789280000,0x000000078d500000)
 ParOldGen       total 162304K, used 87367K [0x00000006c0000000, 0x00000006c9e80000, 0x000000076ab00000)
  object space 162304K, 53% used [0x00000006c0000000,0x00000006c5551f90,0x00000006c9e80000)
 Metaspace       used 6665K, capacity 7320K, committed 7680K, reserved 1056768K
  class space    used 612K, capacity 656K, committed 768K, reserved 1048576K
Event: 27.329 GC heap after
Heap after GC invocations=10 (full 1):
 PSYoungGen      total 567296K, used 68065K [0x000000076ab00000, 0x000000079f680000, 0x00000007c0000000)
  eden space 499200K, 0% used [0x000000076ab00000,0x000000076ab00000,0x0000000789280000)
  from space 68096K, 99% used [0x0000000789280000,0x000000078d4f8510,0x000000078d500000)
  to   space 98816K, 0% used [0x0000000799600000,0x0000000799600000,0x000000079f680000)
 ParOldGen       total 162304K, used 130988K [0x00000006c0000000, 0x00000006c9e80000, 0x000000076ab00000)
  object space 162304K, 80% used [0x00000006c0000000,0x00000006c7feb1a0,0x00000006c9e80000)
 Metaspace       used 6665K, capacity 7320K, committed 7680K, reserved 1056768K
  class space    used 612K, capacity 656K, committed 768K, reserved 1048576K
}
Event: 27.329 GC heap before
{Heap before GC invocations=11 (full 2):
 PSYoungGen      total 567296K, used 68065K [0x000000076ab00000, 0x000000079f680000, 0x00000007c0000000)
  eden space 499200K, 0% used [0x000000076ab00000,0x000000076ab00000,0x0000000789280000)
  from space 68096K, 99% used [0x0000000789280000,0x000000078d4f8510,0x000000078d500000)
  to   space 98816K, 0% used [0x0000000799600000,0x0000000799600000,0x000000079f680000)
 ParOldGen       total 162304K, used 130988K [0x00000006c0000000, 0x00000006c9e80000, 0x000000076ab00000)
  object space 162304K, 80% used [0x00000006c0000000,0x00000006c7feb1a0,0x00000006c9e80000)
 Metaspace       used 6665K, capacity 7320K, committed 7680K, reserved 1056768K
  class space    used 612K, capacity 656K, committed 768K, reserved 1048576K
Event: 28.153 GC heap after
Heap after GC invocations=11 (full 2):
 PSYoungGen      total 567296K, used 33677K [0x000000076ab00000, 0x000000079f680000, 0x00000007c0000000)
  eden space 499200K, 0% used [0x000000076ab00000,0x000000076ab00000,0x0000000789280000)
  from space 68096K, 49% used [0x0000000789280000,0x000000078b3637c8,0x000000078d500000)
  to   space 98816K, 0% used [0x0000000799600000,0x0000000799600000,0x000000079f680000)
 ParOldGen       total 277504K, used 162160K [0x00000006c0000000, 0x00000006d0f00000, 0x000000076ab00000)
  object space 277504K, 58% used [0x00000006c0000000,0x00000006c9e5c198,0x00000006d0f00000)
 Metaspace       used 6665K, capacity 7320K, committed 7680K, reserved 1056768K
  class space    used 612K, capacity 656K, committed 768K, reserved 1048576K
}

