# JRE version: OpenJDK Runtime Environment (8.0_152-b03) (build 1.8.0_152-release-1136-b03)
# Java VM: OpenJDK 64-Bit Server VM (25.152-b03 mixed mode windows-amd64 compressed oops)
Heap:
 PSYoungGen      total 953344K, used 458114K [0x000000076ab00000, 0x00000007b5880000, 0x00000007c0000000)
  eden space 787456K, 37% used [0x000000076ab00000,0x000000077c862af0,0x000000079ac00000)
  from space 165888K, 99% used [0x00000007a7800000,0x00000007b19fdfc0,0x00000007b1a00000)
  to   space 208896K, 0% used [0x000000079ac00000,0x000000079ac00000,0x00000007a7800000)
 ParOldGen       total 690688K, used 482700K [0x00000006c0000000, 0x00000006ea280000, 0x000000076ab00000)
  object space 690688K, 69% used [0x00000006c0000000,0x00000006dd763180,0x00000006ea280000)
 Metaspace       used 6803K, capacity 7384K, committed 7680K, reserved 1056768K
  class space    used 620K, capacity 656K, committed 768K, reserved 1048576K
GC Heap History (10 events):
Event: 29.406 GC heap before
{Heap before GC invocations=14 (full 3):
 PSYoungGen      total 765952K, used 73233K [0x000000076ab00000, 0x00000007a6780000, 0x00000007c0000000)
  eden space 648192K, 0% used [0x000000076ab00000,0x000000076ab00000,0x0000000792400000)
  from space 117760K, 62% used [0x0000000792400000,0x0000000796b84600,0x0000000799700000)
  to   space 121856K, 0% used [0x000000079f080000,0x000000079f080000,0x00000007a6780000)
 ParOldGen       total 273408K, used 262784K [0x00000006c0000000, 0x00000006d0b00000, 0x000000076ab00000)
  object space 273408K, 96% used [0x00000006c0000000,0x00000006d00a01b8,0x00000006d0b00000)
 Metaspace       used 6684K, capacity 7320K, committed 7680K, reserved 1056768K
  class space    used 612K, capacity 656K, committed 768K, reserved 1048576K
Event: 30.691 GC heap after
Heap after GC invocations=14 (full 3):
 PSYoungGen      total 765952K, used 52368K [0x000000076ab00000, 0x00000007a6780000, 0x00000007c0000000)
  eden space 648192K, 0% used [0x000000076ab00000,0x000000076ab00000,0x0000000792400000)
  from space 117760K, 44% used [0x0000000792400000,0x0000000795724318,0x0000000799700000)
  to   space 121856K, 0% used [0x000000079f080000,0x000000079f080000,0x00000007a6780000)
 ParOldGen       total 443904K, used 273024K [0x00000006c0000000, 0x00000006db180000, 0x000000076ab00000)
  object space 443904K, 61% used [0x00000006c0000000,0x00000006d0aa00e0,0x00000006db180000)
 Metaspace       used 6684K, capacity 7320K, committed 7680K, reserved 1056768K
  class space    used 612K, capacity 656K, committed 768K, reserved 1048576K
}
Event: 32.351 GC heap before
{Heap before GC invocations=15 (full 3):
 PSYoungGen      total 765952K, used 700560K [0x000000076ab00000, 0x00000007a6780000, 0x00000007c0000000)
  eden space 648192K, 100% used [0x000000076ab00000,0x0000000792400000,0x0000000792400000)
  from space 117760K, 44% used [0x0000000792400000,0x0000000795724318,0x0000000799700000)
  to   space 121856K, 0% used [0x000000079f080000,0x000000079f080000,0x00000007a6780000)
 ParOldGen       total 443904K, used 273024K [0x00000006c0000000, 0x00000006db180000, 0x000000076ab00000)
  object space 443904K, 61% used [0x00000006c0000000,0x00000006d0aa00e0,0x00000006db180000)
 Metaspace       used 6684K, capacity 7320K, committed 7680K, reserved 1056768K
  class space    used 612K, capacity 656K, committed 768K, reserved 1048576K
Event: 32.571 GC heap after
Heap after GC invocations=15 (full 3):
 PSYoungGen      total 824320K, used 121835K [0x000000076ab00000, 0x00000007ad500000, 0x00000007c0000000)
  eden space 702464K, 0% used [0x000000076ab00000,0x000000076ab00000,0x0000000795900000)
  from space 121856K, 99% used [0x000000079f080000,0x00000007a677adf0,0x00000007a6780000)
  to   space 155136K, 0% used [0x0000000795900000,0x0000000795900000,0x000000079f080000)
 ParOldGen       total 443904K, used 305688K [0x00000006c0000000, 0x00000006db180000, 0x000000076ab00000)
  object space 443904K, 68% used [0x00000006c0000000,0x00000006d2a860a0,0x00000006db180000)
 Metaspace       used 6684K, capacity 7320K, committed 7680K, reserved 1056768K
  class space    used 612K, capacity 656K, committed 768K, reserved 1048576K
}
Event: 42.218 GC heap before
{Heap before GC invocations=16 (full 3):
 PSYoungGen      total 824320K, used 824299K [0x000000076ab00000, 0x00000007ad500000, 0x00000007c0000000)
  eden space 702464K, 100% used [0x000000076ab00000,0x0000000795900000,0x0000000795900000)
  from space 121856K, 99% used [0x000000079f080000,0x00000007a677adf0,0x00000007a6780000)
  to   space 155136K, 0% used [0x0000000795900000,0x0000000795900000,0x000000079f080000)
 ParOldGen       total 443904K, used 305688K [0x00000006c0000000, 0x00000006db180000, 0x000000076ab00000)
  object space 443904K, 68% used [0x00000006c0000000,0x00000006d2a860a0,0x00000006db180000)
 Metaspace       used 6685K, capacity 7320K, committed 7680K, reserved 1056768K
  class space    used 612K, capacity 656K, committed 768K, reserved 1048576K
Event: 42.506 GC heap after
Heap after GC invocations=16 (full 3):
 PSYoungGen      total 857600K, used 111982K [0x000000076ab00000, 0x00000007b1a00000, 0x00000007c0000000)
  eden space 702464K, 0% used [0x000000076ab00000,0x000000076ab00000,0x0000000795900000)
  from space 155136K, 72% used [0x0000000795900000,0x000000079c65ba50,0x000000079f080000)
  to   space 165888K, 0% used [0x00000007a7800000,0x00000007a7800000,0x00000007b1a00000)
 ParOldGen       total 443904K, used 427946K [0x00000006c0000000, 0x00000006db180000, 0x000000076ab00000)
  object space 443904K, 96% used [0x00000006c0000000,0x00000006da1ea800,0x00000006db180000)
 Metaspace       used 6685K, capacity 7320K, committed 7680K, reserved 1056768K
  class space    used 612K, capacity 656K, committed 768K, reserved 1048576K
}
Event: 42.506 GC heap before
{Heap before GC invocations=17 (full 4):
 PSYoungGen      total 857600K, used 111982K [0x000000076ab00000, 0x00000007b1a00000, 0x00000007c0000000)
  eden space 702464K, 0% used [0x000000076ab00000,0x000000076ab00000,0x0000000795900000)
  from space 155136K, 72% used [0x0000000795900000,0x000000079c65ba50,0x000000079f080000)
  to   space 165888K, 0% used [0x00000007a7800000,0x00000007a7800000,0x00000007b1a00000)
 ParOldGen       total 443904K, used 427946K [0x00000006c0000000, 0x00000006db180000, 0x000000076ab00000)
  object space 443904K, 96% used [0x00000006c0000000,0x00000006da1ea800,0x00000006db180000)
 Metaspace       used 6685K, capacity 7320K, committed 7680K, reserved 1056768K
  class space    used 612K, capacity 656K, committed 768K, reserved 1048576K
Event: 44.960 GC heap after
Heap after GC invocations=17 (full 4):
 PSYoungGen      total 857600K, used 88852K [0x000000076ab00000, 0x00000007b1a00000, 0x00000007c0000000)
  eden space 702464K, 0% used [0x000000076ab00000,0x000000076ab00000,0x0000000795900000)
  from space 155136K, 57% used [0x0000000795900000,0x000000079afc51a0,0x000000079f080000)
  to   space 165888K, 0% used [0x00000007a7800000,0x00000007a7800000,0x00000007b1a00000)
 ParOldGen       total 690688K, used 443809K [0x00000006c0000000, 0x00000006ea280000, 0x000000076ab00000)
  object space 690688K, 64% used [0x00000006c0000000,0x00000006db168770,0x00000006ea280000)
 Metaspace       used 6685K, capacity 7320K, committed 7680K, reserved 1056768K
  class space    used 612K, capacity 656K, committed 768K, reserved 1048576K
}
Event: 74.423 GC heap before
{Heap before GC invocations=18 (full 4):
 PSYoungGen      total 857600K, used 791316K [0x000000076ab00000, 0x00000007b1a00000, 0x00000007c0000000)
  eden space 702464K, 100% used [0x000000076ab00000,0x0000000795900000,0x0000000795900000)
  from space 155136K, 57% used [0x0000000795900000,0x000000079afc51a0,0x000000079f080000)
  to   space 165888K, 0% used [0x00000007a7800000,0x00000007a7800000,0x00000007b1a00000)
 ParOldGen       total 690688K, used 443809K [0x00000006c0000000, 0x00000006ea280000, 0x000000076ab00000)
  object space 690688K, 64% used [0x00000006c0000000,0x00000006db168770,0x00000006ea280000)
 Metaspace       used 6696K, capacity 7320K, committed 7680K, reserved 1056768K
  class space    used 613K, capacity 656K, committed 768K, reserved 1048576K
Event: 74.758 GC heap after
Heap after GC invocations=18 (full 4):
 PSYoungGen      total 953344K, used 165879K [0x000000076ab00000, 0x00000007b5880000, 0x00000007c0000000)
  eden space 787456K, 0% used [0x000000076ab00000,0x000000076ab00000,0x000000079ac00000)
  from space 165888K, 99% used [0x00000007a7800000,0x00000007b19fdfc0,0x00000007b1a00000)
  to   space 208896K, 0% used [0x000000079ac00000,0x000000079ac00000,0x00000007a7800000)
 ParOldGen       total 690688K, used 482700K [0x00000006c0000000, 0x00000006ea280000, 0x000000076ab00000)
  object space 690688K, 69% used [0x00000006c0000000,0x00000006dd763180,0x00000006ea280000)
 Metaspace       used 6696K, capacity 7320K, committed 7680K, reserved 1056768K
  class space    used 613K, capacity 656K, committed 768K, reserved 1048576K
}

